<?xml version="1.0" encoding="UTF-8"?>
<!-- Generated by org.testng.reporters.JUnitReportReporter -->
<testsuite skipped="0" hostname="Zunairakagzi" name="getRequest.GetData" tests="2" failures="0" timestamp="14 Oct 2017 14:31:30 GMT" time="4.785" errors="0">
  <testcase name="testResponsecode" time="0.465" classname="getRequest.GetData"/>
  <testcase name="testBody" time="4.320" classname="getRequest.GetData"/>
</testsuite> <!-- getRequest.GetData -->
