<?xml version="1.0" encoding="UTF-8"?>
<!-- Generated by org.testng.reporters.JUnitReportReporter -->
<testsuite skipped="0" hostname="Zunairakagzi" name="getRequest.GetData2" tests="2" failures="0" timestamp="14 Oct 2017 14:31:30 GMT" time="1.333" errors="0">
  <testcase name="testBody" time="0.966" classname="getRequest.GetData2"/>
  <testcase name="testResponsecode" time="0.367" classname="getRequest.GetData2"/>
</testsuite> <!-- getRequest.GetData2 -->
