<?xml version="1.0" encoding="UTF-8"?>
<!-- Generated by org.testng.reporters.JUnitReportReporter -->
<testsuite skipped="0" hostname="Zunairakagzi" name="getRequest.GetData" tests="2" failures="0" timestamp="14 Oct 2017 14:55:02 GMT" time="4.640" errors="0">
  <testcase name="testBody" time="4.171" classname="getRequest.GetData"/>
  <testcase name="testResponsecode" time="0.469" classname="getRequest.GetData"/>
</testsuite> <!-- getRequest.GetData -->
